F rcpchgrowth/rcpchgrowth/tests/test_measurement_class.py::test_chronological_sds_calculation[line780]
 line = {'birth_date': '12/04/2012', 'chronological_age': 0.016427105, 'chronological_sds': 0.549580634, 'corrected_age': 0.065708419, ...}
 
     @pytest.mark.parametrize("line", load_valid_data_set())
     def test_chronological_sds_calculation(line):
         if line["observation_value"]==None or line["chronological_sds"]==None:
             return
         sds = global_functions.sds_for_measurement("uk-who", float(line["chronological_age"]), str(line["measurement_method"]), float(line["observation_value"]), str(line["sex"]), False)
         tim_sds = float(line["chronological_sds"])
 >       assert sds == pytest.approx(tim_sds, abs=ACCURACY)
 E       assert 0.19919977025369212 == 0.549580634 ± 1.0e-03
 E        +  where 0.549580634 ± 1.0e-03 = <function approx at 0x1088fa430>(0.549580634, abs=0.001)
 E        +    where <function approx at 0x1088fa430> = pytest.approx
 
 rcpchgrowth/rcpchgrowth/tests/test_measurement_class.py:78: AssertionError
F rcpchgrowth/rcpchgrowth/tests/test_measurement_class.py::test_chronological_sds_calculation[line781]
 line = {'birth_date': '12/04/2012', 'chronological_age': 0.016427105, 'chronological_sds': 0.551377654, 'corrected_age': 0.065708419, ...}
 
     @pytest.mark.parametrize("line", load_valid_data_set())
     def test_chronological_sds_calculation(line):
         if line["observation_value"]==None or line["chronological_sds"]==None:
             return
         sds = global_functions.sds_for_measurement("uk-who", float(line["chronological_age"]), str(line["measurement_method"]), float(line["observation_value"]), str(line["sex"]), False)
         tim_sds = float(line["chronological_sds"])
 >       assert sds == pytest.approx(tim_sds, abs=ACCURACY)
 E       assert 0.3056805686033602 == 0.551377654 ± 1.0e-03
 E        +  where 0.551377654 ± 1.0e-03 = <function approx at 0x1088fa430>(0.551377654, abs=0.001)
 E        +    where <function approx at 0x1088fa430> = pytest.approx
 
 rcpchgrowth/rcpchgrowth/tests/test_measurement_class.py:78: AssertionError
F rcpchgrowth/rcpchgrowth/tests/test_measurement_class.py::test_chronological_sds_calculation[line783]
 line = {'birth_date': '12/04/2012', 'chronological_age': 0.016427105, 'chronological_sds': 0.528353751, 'corrected_age': 0.065708419, ...}
 
     @pytest.mark.parametrize("line", load_valid_data_set())
     def test_chronological_sds_calculation(line):
         if line["observation_value"]==None or line["chronological_sds"]==None:
             return
         sds = global_functions.sds_for_measurement("uk-who", float(line["chronological_age"]), str(line["measurement_method"]), float(line["observation_value"]), str(line["sex"]), False)
         tim_sds = float(line["chronological_sds"])
 >       assert sds == pytest.approx(tim_sds, abs=ACCURACY)
 E       assert 0.1820010242662438 == 0.528353751 ± 1.0e-03
 E        +  where 0.528353751 ± 1.0e-03 = <function approx at 0x1088fa430>(0.528353751, abs=0.001)
 E        +    where <function approx at 0x1088fa430> = pytest.approx
 
 rcpchgrowth/rcpchgrowth/tests/test_measurement_class.py:78: AssertionError
F rcpchgrowth/rcpchgrowth/tests/test_measurement_class.py::test_chronological_sds_calculation[line2336]
 line = {'birth_date': '29/05/2012', 'chronological_age': 0.002737851, 'chronological_sds': 0.420462579, 'corrected_age': -0.032854209, ...}
 
     @pytest.mark.parametrize("line", load_valid_data_set())
     def test_chronological_sds_calculation(line):
         if line["observation_value"]==None or line["chronological_sds"]==None:
             return
         sds = global_functions.sds_for_measurement("uk-who", float(line["chronological_age"]), str(line["measurement_method"]), float(line["observation_value"]), str(line["sex"]), False)
         tim_sds = float(line["chronological_sds"])
 >       assert sds == pytest.approx(tim_sds, abs=ACCURACY)
 E       assert 0.2851074810655325 == 0.420462579 ± 1.0e-03
 E        +  where 0.420462579 ± 1.0e-03 = <function approx at 0x1088fa430>(0.420462579, abs=0.001)
 E        +    where <function approx at 0x1088fa430> = pytest.approx
 
 rcpchgrowth/rcpchgrowth/tests/test_measurement_class.py:78: AssertionError
F rcpchgrowth/rcpchgrowth/tests/test_measurement_class.py::test_chronological_sds_calculation[line2337]
 line = {'birth_date': '29/05/2012', 'chronological_age': 0.002737851, 'chronological_sds': 0.4347637, 'corrected_age': -0.032854209, ...}
 
     @pytest.mark.parametrize("line", load_valid_data_set())
     def test_chronological_sds_calculation(line):
         if line["observation_value"]==None or line["chronological_sds"]==None:
             return
         sds = global_functions.sds_for_measurement("uk-who", float(line["chronological_age"]), str(line["measurement_method"]), float(line["observation_value"]), str(line["sex"]), False)
         tim_sds = float(line["chronological_sds"])
 >       assert sds == pytest.approx(tim_sds, abs=ACCURACY)
 E       assert 0.44551424956881613 == 0.4347637 ± 1.0e-03
 E        +  where 0.4347637 ± 1.0e-03 = <function approx at 0x1088fa430>(0.4347637, abs=0.001)
 E        +    where <function approx at 0x1088fa430> = pytest.approx
 
 rcpchgrowth/rcpchgrowth/tests/test_measurement_class.py:78: AssertionError
F rcpchgrowth/rcpchgrowth/tests/test_measurement_class.py::test_chronological_sds_calculation[line2339]
 line = {'birth_date': '29/05/2012', 'chronological_age': 0.002737851, 'chronological_sds': 0.448764771, 'corrected_age': -0.032854209, ...}
 
     @pytest.mark.parametrize("line", load_valid_data_set())
     def test_chronological_sds_calculation(line):
         if line["observation_value"]==None or line["chronological_sds"]==None:
             return
         sds = global_functions.sds_for_measurement("uk-who", float(line["chronological_age"]), str(line["measurement_method"]), float(line["observation_value"]), str(line["sex"]), False)
         tim_sds = float(line["chronological_sds"])
 >       assert sds == pytest.approx(tim_sds, abs=ACCURACY)
 E       assert 0.5372270551888337 == 0.448764771 ± 1.0e-03
 E        +  where 0.448764771 ± 1.0e-03 = <function approx at 0x1088fa430>(0.448764771, abs=0.001)
 E        +    where <function approx at 0x1088fa430> = pytest.approx
 
 rcpchgrowth/rcpchgrowth/tests/test_measurement_class.py:78: AssertionError
